<?xml version="1.0" encoding="UTF-8"?>
<!-- Generated by org.testng.reporters.JUnitReportReporter -->
<testsuite hostname="LAPTOP-CFK6Q786" failures="0" tests="5" name="Workout.Rishi_assignment_fromlogin" time="24.842" errors="0" timestamp="2024-12-23T18:26:56 IST" skipped="0">
  <testcase classname="Workout.Rishi_assignment_fromlogin" name="about" time="9.116"/>
  <system-out/>
  <testcase classname="Workout.Rishi_assignment_fromlogin" name="responcecode" time="1.731"/>
  <system-out/>
  <testcase classname="Workout.Rishi_assignment_fromlogin" name="search" time="10.107"/>
  <system-out/>
  <testcase classname="Workout.Rishi_assignment_fromlogin" name="login" time="2.267"/>
  <system-out/>
  <testcase classname="Workout.Rishi_assignment_fromlogin" name="screenshot" time="1.621"/>
  <system-out/>
</testsuite> <!-- Workout.Rishi_assignment_fromlogin -->
