<?xml version="1.0" encoding="UTF-8"?>
<!-- Generated by org.testng.reporters.JUnitReportReporter -->
<testsuite hostname="LAPTOP-CFK6Q786" failures="0" tests="1" name="TestNG.CopyPasteAction" time="3.761" errors="0" timestamp="2024-12-06T12:16:39 IST" skipped="0">
  <testcase classname="TestNG.CopyPasteAction" name="Test1" time="3.761"/>
  <system-out/>
</testsuite> <!-- TestNG.CopyPasteAction -->
