<?xml version="1.0" encoding="UTF-8"?>
<!-- Generated by org.testng.reporters.JUnitReportReporter -->
<testsuite hostname="LAPTOP-CFK6Q786" failures="0" tests="1" name="TestNG.Amazon_Scroll_assignment" time="9.371" errors="0" timestamp="2024-12-09T23:36:16 IST" skipped="0">
  <testcase classname="TestNG.Amazon_Scroll_assignment" name="Test1" time="9.371"/>
  <system-out/>
</testsuite> <!-- TestNG.Amazon_Scroll_assignment -->
