<?xml version="1.0" encoding="UTF-8"?>
<!-- Generated by org.testng.reporters.JUnitReportReporter -->
<testsuite hostname="LAPTOP-CFK6Q786" failures="0" tests="1" name="Tests.Fblogintest" time="2.521" errors="0" timestamp="2024-12-16T12:57:25 IST" skipped="0">
  <testcase classname="Tests.Fblogintest" name="testlogin" time="2.521"/>
  <system-out/>
</testsuite> <!-- Tests.Fblogintest -->
