<?xml version="1.0" encoding="UTF-8"?>
<!-- Generated by org.testng.reporters.JUnitReportReporter -->
<testsuite hostname="LAPTOP-CFK6Q786" failures="0" tests="3" name="TestNG.Grouping" time="0.024" errors="0" timestamp="2024-12-05T12:05:05 IST" skipped="0">
  <testcase classname="TestNG.Grouping" name="Test1" time="0.020"/>
  <system-out/>
  <testcase classname="TestNG.Grouping" name="Test4" time="0.002"/>
  <system-out/>
  <testcase classname="TestNG.Grouping" name="Test2" time="0.002"/>
  <system-out/>
</testsuite> <!-- TestNG.Grouping -->
