<?xml version="1.0" encoding="UTF-8"?>
<!-- Generated by org.testng.reporters.JUnitReportReporter -->
<testsuite hostname="LAPTOP-CFK6Q786" failures="0" tests="1" name="sauce_test.test_class" time="5.081" errors="0" timestamp="2024-12-23T18:29:54 IST" skipped="0">
  <testcase classname="sauce_test.test_class" name="verifyLogin" time="5.081"/>
  <system-out/>
</testsuite> <!-- sauce_test.test_class -->
