<?xml version="1.0" encoding="UTF-8"?>
<!-- Generated by org.testng.reporters.JUnitReportReporter -->
<testsuite hostname="LAPTOP-CFK6Q786" failures="0" tests="1" name="TestNG.Amazon_windohandle_Assignment" time="16.614" errors="0" timestamp="2024-12-23T18:35:12 IST" skipped="0">
  <testcase classname="TestNG.Amazon_windohandle_Assignment" name="Test1" time="16.614"/>
  <system-out/>
</testsuite> <!-- TestNG.Amazon_windohandle_Assignment -->
