<?xml version="1.0" encoding="UTF-8"?>
<!-- Generated by org.testng.reporters.JUnitReportReporter -->
<testsuite hostname="LAPTOP-CFK6Q786" failures="0" tests="1" name="Rishi_tests.Scrolldowntest" time="4.282" errors="0" timestamp="2024-12-22T21:21:56 IST" skipped="0">
  <testcase classname="Rishi_tests.Scrolldowntest" name="test1" time="4.282"/>
  <system-out/>
</testsuite> <!-- Rishi_tests.Scrolldowntest -->
