<?xml version="1.0" encoding="UTF-8"?>
<!-- Generated by org.testng.reporters.JUnitReportReporter -->
<testsuite hostname="LAPTOP-CFK6Q786" failures="0" tests="1" name="TestNG.RightClickAssignment" time="20.537" errors="0" timestamp="2024-12-19T12:42:27 IST" skipped="0">
  <testcase classname="TestNG.RightClickAssignment" name="Test1" time="20.537"/>
  <system-out/>
</testsuite> <!-- TestNG.RightClickAssignment -->
