<?xml version="1.0" encoding="UTF-8"?>
<!-- Generated by org.testng.reporters.JUnitReportReporter -->
<testsuite hostname="LAPTOP-CFK6Q786" failures="0" tests="1" name="TestNG.Parameter_Annotation" time="0.028" errors="0" timestamp="2024-12-02T13:19:02 IST" skipped="0">
  <testcase classname="TestNG.Parameter_Annotation" name="main" time="0.028"/>
  <system-out/>
</testsuite> <!-- TestNG.Parameter_Annotation -->
