<?xml version="1.0" encoding="UTF-8"?>
<!-- Generated by org.testng.reporters.JUnitReportReporter -->
<testsuite hostname="LAPTOP-CFK6Q786" failures="0" tests="1" name="Rishi_tests.searchtest" time="3.986" errors="0" timestamp="2024-12-22T20:08:21 IST" skipped="0">
  <testcase classname="Rishi_tests.searchtest" name="test1" time="3.986"/>
  <system-out/>
</testsuite> <!-- Rishi_tests.searchtest -->
