<?xml version="1.0" encoding="UTF-8"?>
<!-- Generated by org.testng.reporters.JUnitReportReporter -->
<testsuite hostname="LAPTOP-CFK6Q786" failures="0" tests="1" name="TestNG.MouseHover" time="6.946" errors="0" timestamp="2024-12-22T15:54:52 IST" skipped="0">
  <testcase classname="TestNG.MouseHover" name="Test1" time="6.946"/>
  <system-out/>
</testsuite> <!-- TestNG.MouseHover -->
