<?xml version="1.0" encoding="UTF-8"?>
<!-- Generated by org.testng.reporters.JUnitReportReporter -->
<testsuite hostname="LAPTOP-CFK6Q786" failures="0" tests="1" name="Workout.Guruex" time="26.104" errors="0" timestamp="2024-12-22T16:38:22 IST" skipped="0">
  <testcase classname="Workout.Guruex" name="test" time="26.104"/>
  <system-out/>
</testsuite> <!-- Workout.Guruex -->
