<?xml version="1.0" encoding="UTF-8"?>
<!-- Generated by org.testng.reporters.JUnitReportReporter -->
<testsuite hostname="LAPTOP-CFK6Q786" failures="0" tests="1" name="Rishi_tests.Screenshottest" time="5.395" errors="0" timestamp="2024-12-22T21:40:50 IST" skipped="0">
  <testcase classname="Rishi_tests.Screenshottest" name="test" time="5.395"/>
  <system-out/>
</testsuite> <!-- Rishi_tests.Screenshottest -->
