<?xml version="1.0" encoding="UTF-8"?>
<!-- Generated by org.testng.reporters.JUnitReportReporter -->
<testsuite hostname="LAPTOP-CFK6Q786" failures="0" tests="1" name="TestNG.Guru_Windohandle" time="8.954" errors="0" timestamp="2024-12-13T13:13:08 IST" skipped="0">
  <testcase classname="TestNG.Guru_Windohandle" name="test" time="8.954"/>
  <system-out/>
</testsuite> <!-- TestNG.Guru_Windohandle -->
