<?xml version="1.0" encoding="UTF-8"?>
<!-- Generated by org.testng.reporters.JUnitReportReporter -->
<testsuite hostname="LAPTOP-CFK6Q786" failures="0" tests="1" name="Workout.WindowHandle" time="156.422" errors="0" timestamp="2024-12-11T23:56:37 IST" skipped="0">
  <testcase classname="Workout.WindowHandle" name="Test1" time="156.422"/>
  <system-out/>
</testsuite> <!-- Workout.WindowHandle -->
