<?xml version="1.0" encoding="UTF-8"?>
<!-- Generated by org.testng.reporters.JUnitReportReporter -->
<testsuite hostname="LAPTOP-CFK6Q786" failures="0" tests="1" name="Rishi_tests.All_link_test" time="6.931" errors="0" timestamp="2024-12-22T21:09:15 IST" skipped="0">
  <testcase classname="Rishi_tests.All_link_test" name="test" time="6.931"/>
  <system-out/>
</testsuite> <!-- Rishi_tests.All_link_test -->
