<?xml version="1.0" encoding="UTF-8"?>
<!-- Generated by org.testng.reporters.JUnitReportReporter -->
<testsuite hostname="LAPTOP-CFK6Q786" failures="0" tests="1" name="Tests1.FBtest" time="9.168" errors="0" timestamp="2024-12-18T13:30:45 IST" skipped="0">
  <testcase classname="Tests1.FBtest" name="verifyLoginWithValidCred" time="9.168"/>
  <system-out/>
</testsuite> <!-- Tests1.FBtest -->
