<?xml version="1.0" encoding="UTF-8"?>
<!-- Generated by org.testng.reporters.JUnitReportReporter -->
<testsuite hostname="LAPTOP-CFK6Q786" failures="0" tests="1" name="Workout.AutoItUpload" time="4.191" errors="0" timestamp="2024-12-12T23:54:25 IST" skipped="0">
  <testcase classname="Workout.AutoItUpload" name="Test1" time="4.191"/>
  <system-out/>
</testsuite> <!-- Workout.AutoItUpload -->
