<?xml version="1.0" encoding="UTF-8"?>
<!-- Generated by org.testng.reporters.JUnitReportReporter -->
<testsuite hostname="LAPTOP-CFK6Q786" failures="0" tests="5" name="TestNG.TestNGdemo" time="0.046" errors="0" timestamp="2024-12-02T12:39:54 IST" skipped="1">
  <testcase classname="TestNG.TestNGdemo" name="Test2" time="0.003"/>
  <system-out/>
  <testcase classname="TestNG.TestNGdemo" name="Test2" time="0.030"/>
  <system-out/>
  <testcase classname="TestNG.TestNGdemo" name="Test2" time="0.011"/>
  <system-out/>
  <testcase classname="TestNG.TestNGdemo" name="Test3" time="0.002"/>
  <system-out/>
  <testcase classname="TestNG.TestNGdemo" name="Test1">
    <skipped/>
  </testcase> <!-- Test1 -->
  <system-out/>
</testsuite> <!-- TestNG.TestNGdemo -->
