<?xml version="1.0" encoding="UTF-8"?>
<!-- Generated by org.testng.reporters.JUnitReportReporter -->
<testsuite hostname="LAPTOP-CFK6Q786" failures="0" tests="1" name="Rishi_tests.logintest" time="7.271" errors="0" timestamp="2024-12-23T14:56:23 IST" skipped="0">
  <testcase classname="Rishi_tests.logintest" name="Test1" time="7.271"/>
  <system-out/>
</testsuite> <!-- Rishi_tests.logintest -->
