<?xml version="1.0" encoding="UTF-8"?>
<!-- Generated by org.testng.reporters.JUnitReportReporter -->
<testsuite hostname="LAPTOP-CFK6Q786" failures="0" tests="1" name="Rishi_tests.skintest" time="4.873" errors="0" timestamp="2024-12-22T20:59:08 IST" skipped="0">
  <testcase classname="Rishi_tests.skintest" name="test" time="4.873"/>
  <system-out/>
</testsuite> <!-- Rishi_tests.skintest -->
