<?xml version="1.0" encoding="UTF-8"?>
<!-- Generated by org.testng.reporters.JUnitReportReporter -->
<testsuite hostname="LAPTOP-CFK6Q786" failures="0" tests="1" name="Rishi_tests.Addwishlisthrbtest" time="7.801" errors="0" timestamp="2024-12-23T15:57:32 IST" skipped="0">
  <testcase classname="Rishi_tests.Addwishlisthrbtest" name="Test1" time="7.801"/>
  <system-out/>
</testsuite> <!-- Rishi_tests.Addwishlisthrbtest -->
