<?xml version="1.0" encoding="UTF-8"?>
<!-- Generated by org.testng.reporters.JUnitReportReporter -->
<testsuite hostname="LAPTOP-CFK6Q786" failures="0" tests="1" name="TestNG.DragDrop" time="11.329" errors="0" timestamp="2024-12-22T15:43:09 IST" skipped="0">
  <testcase classname="TestNG.DragDrop" name="Test1" time="11.329"/>
  <system-out/>
</testsuite> <!-- TestNG.DragDrop -->
