<?xml version="1.0" encoding="UTF-8"?>
<!-- Generated by org.testng.reporters.JUnitReportReporter -->
<testsuite hostname="LAPTOP-CFK6Q786" failures="0" tests="1" name="TestNG.DataDriven" time="108.683" errors="0" timestamp="2024-12-11T23:21:31 IST" skipped="0">
  <testcase classname="TestNG.DataDriven" name="Test1" time="108.683"/>
  <system-out/>
</testsuite> <!-- TestNG.DataDriven -->
