<?xml version="1.0" encoding="UTF-8"?>
<!-- Generated by org.testng.reporters.JUnitReportReporter -->
<testsuite hostname="LAPTOP-CFK6Q786" failures="0" tests="1" name="TestNG.Robot_Guru_Upload" time="22.863" errors="0" timestamp="2024-12-22T16:29:26 IST" skipped="0">
  <testcase classname="TestNG.Robot_Guru_Upload" name="Test1" time="22.863"/>
  <system-out/>
</testsuite> <!-- TestNG.Robot_Guru_Upload -->
