<?xml version="1.0" encoding="UTF-8"?>
<!-- Generated by org.testng.reporters.JUnitReportReporter -->
<testsuite hostname="LAPTOP-CFK6Q786" failures="0" tests="1" name="TestNG.RobotFileUpload" time="9.558" errors="0" timestamp="2024-12-12T12:37:20 IST" skipped="0">
  <testcase classname="TestNG.RobotFileUpload" name="Test1" time="9.558"/>
  <system-out/>
</testsuite> <!-- TestNG.RobotFileUpload -->
